<?xml version="1.0" encoding="UTF-8"?>
<!-- Generated by org.testng.reporters.JUnitXMLReporter -->
<testsuite hostname="DESKTOP-DTQE29R" ignored="0" name="Test" tests="9" failures="2" timestamp="20 Dec 2018 07:52:51 GMT" time="0.149" errors="0">
  <testcase name="test7" time="0.031" classname="SeleniumDemoPackage.Test3"/>
  <testcase name="test8" time="0.0" classname="SeleniumDemoPackage.Test3"/>
  <testcase name="test9" time="0.0" classname="SeleniumDemoPackage.Test3">
    <skipped/>
  </testcase> <!-- test9 -->
  <testcase name="test2" time="0.0" classname="SeleniumDemoPackage.Test1">
    <skipped/>
  </testcase> <!-- test2 -->
  <testcase name="test3" time="0.0" classname="SeleniumDemoPackage.Test1"/>
  <testcase name="test1" time="0.0" classname="SeleniumDemoPackage.Test1">
    <skipped/>
  </testcase> <!-- test1 -->
  <testcase name="test4" time="0.0" classname="SeleniumDemoPackage.Test2">
    <failure type="java.lang.AssertionError" message="expected [KIRAN] but found [SAGAR]">
      <![CDATA[java.lang.AssertionError: expected [KIRAN] but found [SAGAR]
at SeleniumDemoPackage.Test2.test4(Test2.java:16)
... Removed 31 stack frames]]>
    </failure>
  </testcase> <!-- test4 -->
  <testcase name="test5" time="0.016" classname="SeleniumDemoPackage.Test2">
    <failure type="java.lang.AssertionError" message="expected [Savsani] but found [Patel]">
      <![CDATA[java.lang.AssertionError: expected [Savsani] but found [Patel]
at SeleniumDemoPackage.Test2.test5(Test2.java:23)
... Removed 31 stack frames]]>
    </failure>
  </testcase> <!-- test5 -->
  <testcase name="test6" time="0.0" classname="SeleniumDemoPackage.Test2"/>
</testsuite> <!-- Test -->
